[debug] [2024-04-04T18:22:26.382Z] ----------------------------------------------------------------------
[debug] [2024-04-04T18:22:26.385Z] Command:       C:\Program Files\nodejs\node.exe C:\Users\pranm\AppData\Roaming\npm\node_modules\firebase-tools\lib\bin\firebase.js deploy
[debug] [2024-04-04T18:22:26.385Z] CLI Version:   13.6.0
[debug] [2024-04-04T18:22:26.386Z] Platform:      win32
[debug] [2024-04-04T18:22:26.386Z] Node Version:  v21.6.2
[debug] [2024-04-04T18:22:26.386Z] Time:          Thu Apr 04 2024 23:52:26 GMT+0530 (India Standard Time)
[debug] [2024-04-04T18:22:26.386Z] ----------------------------------------------------------------------
[debug] 
[debug] [2024-04-04T18:22:26.389Z] >>> [apiv2][query] GET https://firebase-public.firebaseio.com/cli.json [none]
[debug] [2024-04-04T18:22:26.498Z] > command requires scopes: ["email","openid","https://www.googleapis.com/auth/cloudplatformprojects.readonly","https://www.googleapis.com/auth/firebase","https://www.googleapis.com/auth/cloud-platform"]
[debug] [2024-04-04T18:22:26.499Z] > authorizing via signed-in user (pranmrityunjay@gmail.com)
[debug] [2024-04-04T18:22:26.499Z] [iam] checking project netflixgpt-pran for permissions ["firebase.projects.get","firebasehosting.sites.update"]
[debug] [2024-04-04T18:22:26.501Z] > refreshing access token with scopes: []
[debug] [2024-04-04T18:22:26.502Z] >>> [apiv2][query] POST https://www.googleapis.com/oauth2/v3/token [none]
[debug] [2024-04-04T18:22:26.502Z] >>> [apiv2][body] POST https://www.googleapis.com/oauth2/v3/token [omitted]
[debug] [2024-04-04T18:22:38.334Z] *** [apiv2] error from fetch(https://firebase-public.firebaseio.com/cli.json, {"headers":{},"method":"GET"}): FetchError: request to https://firebase-public.firebaseio.com/cli.json failed, reason: getaddrinfo ENOTFOUND firebase-public.firebaseio.com
[warn] !  Unable to fetch the CLI MOTD and remote config. This is not a fatal error, but may indicate an issue with your network connection. 
[debug] [2024-04-04T18:22:38.336Z] Failed to fetch MOTD FirebaseError: Failed to make request to https://firebase-public.firebaseio.com/cli.json
[debug] [2024-04-04T18:22:38.426Z] *** [apiv2] error from fetch(https://www.googleapis.com/oauth2/v3/token, {"headers":{},"method":"POST","body":{"_overheadLength":545,"_valueLength":212,"_valuesToMeasure":[],"writable":false,"readable":true,"dataSize":0,"maxDataSize":2097152,"pauseStreams":true,"_released":true,"_streams":[],"_currentStream":null,"_insideLoop":false,"_pendingNext":false,"_boundary":"--------------------------676270371447682491690208","_events":{},"_eventsCount":1}}): FetchError: request to https://www.googleapis.com/oauth2/v3/token failed, reason: getaddrinfo ENOTFOUND www.googleapis.com
[debug] [2024-04-04T18:22:38.426Z] [iam] error while checking permissions, command may fail: FirebaseError: Authentication Error: Your credentials are no longer valid. Please run firebase login --reauth

For CI servers and headless environments, generate a new token with firebase login:ci
[debug] [2024-04-04T18:22:38.427Z] > refreshing access token with scopes: []
[debug] [2024-04-04T18:22:38.427Z] >>> [apiv2][query] POST https://www.googleapis.com/oauth2/v3/token [none]
[debug] [2024-04-04T18:22:38.427Z] >>> [apiv2][body] POST https://www.googleapis.com/oauth2/v3/token [omitted]
[debug] [2024-04-04T18:22:38.429Z] *** [apiv2] error from fetch(https://www.googleapis.com/oauth2/v3/token, {"headers":{},"method":"POST","body":{"_overheadLength":545,"_valueLength":212,"_valuesToMeasure":[],"writable":false,"readable":true,"dataSize":0,"maxDataSize":2097152,"pauseStreams":true,"_released":true,"_streams":[],"_currentStream":null,"_insideLoop":false,"_pendingNext":false,"_boundary":"--------------------------129301989306699432787407","_events":{},"_eventsCount":1}}): FetchError: request to https://www.googleapis.com/oauth2/v3/token failed, reason: getaddrinfo ENOTFOUND www.googleapis.com
[debug] [2024-04-04T18:22:38.429Z] Authentication Error: Your credentials are no longer valid. Please run firebase login --reauth

For CI servers and headless environments, generate a new token with firebase login:ci
[error] 
[error] Error: Assertion failed: resolving hosting target of a site with no site name or target name. This should have caused an error earlier
